2021-07-29 00:11:04.206  WARN 4452 --- [http-nio-80-exec-1] .w.s.m.s.DefaultHandlerExceptionResolver : Resolved [org.springframework.web.bind.MissingRequestHeaderException: Required request header 'Authorization' for method parameter type String is not present]
2021-07-29 00:19:17.721  INFO 1100 --- [main] w.d.i.c.ConferenceRestApiApplication     : Starting ConferenceRestApiApplication using Java 1.8.0_291 on DESKTOP-5JEF6DV with PID 1100 (Z:\_PROGRAMMING_\WaveAccess\ConferenceRestApi\target\classes started by danch in Z:\_PROGRAMMING_\WaveAccess\ConferenceRestApi)
2021-07-29 00:19:17.727  INFO 1100 --- [main] w.d.i.c.ConferenceRestApiApplication     : The following profiles are active: master
2021-07-29 00:19:19.008  INFO 1100 --- [main] .s.d.r.c.RepositoryConfigurationDelegate : Bootstrapping Spring Data JPA repositories in DEFAULT mode.
2021-07-29 00:19:19.121  INFO 1100 --- [main] .s.d.r.c.RepositoryConfigurationDelegate : Finished Spring Data repository scanning in 77 ms. Found 5 JPA repository interfaces.
2021-07-29 00:19:19.518  INFO 1100 --- [main] trationDelegate$BeanPostProcessorChecker : Bean 'org.springframework.security.access.expression.method.DefaultMethodSecurityExpressionHandler@2c768ada' of type [org.springframework.security.access.expression.method.DefaultMethodSecurityExpressionHandler] is not eligible for getting processed by all BeanPostProcessors (for example: not eligible for auto-proxying)
2021-07-29 00:19:19.522  INFO 1100 --- [main] trationDelegate$BeanPostProcessorChecker : Bean 'methodSecurityMetadataSource' of type [org.springframework.security.access.method.DelegatingMethodSecurityMetadataSource] is not eligible for getting processed by all BeanPostProcessors (for example: not eligible for auto-proxying)
2021-07-29 00:19:19.814  INFO 1100 --- [main] o.s.b.w.embedded.tomcat.TomcatWebServer  : Tomcat initialized with port(s): 80 (http)
2021-07-29 00:19:19.825  INFO 1100 --- [main] o.apache.catalina.core.StandardService   : Starting service [Tomcat]
2021-07-29 00:19:19.825  INFO 1100 --- [main] org.apache.catalina.core.StandardEngine  : Starting Servlet engine: [Apache Tomcat/9.0.50]
2021-07-29 00:19:19.996  INFO 1100 --- [main] o.a.c.c.C.[Tomcat].[localhost].[/]       : Initializing Spring embedded WebApplicationContext
2021-07-29 00:19:19.996  INFO 1100 --- [main] w.s.c.ServletWebServerApplicationContext : Root WebApplicationContext: initialization completed in 2201 ms
2021-07-29 00:19:20.206  INFO 1100 --- [main] com.zaxxer.hikari.HikariDataSource       : HikariPool-1 - Starting...
2021-07-29 00:19:20.919  INFO 1100 --- [main] com.zaxxer.hikari.HikariDataSource       : HikariPool-1 - Start completed.
2021-07-29 00:19:21.168  INFO 1100 --- [main] o.hibernate.jpa.internal.util.LogHelper  : HHH000204: Processing PersistenceUnitInfo [name: default]
2021-07-29 00:19:21.222  INFO 1100 --- [main] org.hibernate.Version                    : HHH000412: Hibernate ORM core version 5.4.32.Final
2021-07-29 00:19:21.353  INFO 1100 --- [main] o.hibernate.annotations.common.Version   : HCANN000001: Hibernate Commons Annotations {5.1.2.Final}
2021-07-29 00:19:21.487  INFO 1100 --- [main] org.hibernate.dialect.Dialect            : HHH000400: Using dialect: org.hibernate.dialect.PostgreSQL10Dialect
2021-07-29 00:19:22.887  INFO 1100 --- [main] o.h.e.t.j.p.i.JtaPlatformInitiator       : HHH000490: Using JtaPlatform implementation: [org.hibernate.engine.transaction.jta.platform.internal.NoJtaPlatform]
2021-07-29 00:19:22.898  INFO 1100 --- [main] j.LocalContainerEntityManagerFactoryBean : Initialized JPA EntityManagerFactory for persistence unit 'default'
2021-07-29 00:19:23.599  WARN 1100 --- [main] JpaBaseConfiguration$JpaWebConfiguration : spring.jpa.open-in-view is enabled by default. Therefore, database queries may be performed during view rendering. Explicitly configure spring.jpa.open-in-view to disable this warning
2021-07-29 00:19:24.072  INFO 1100 --- [main] o.s.s.web.DefaultSecurityFilterChain     : Will secure any request with [org.springframework.security.web.context.request.async.WebAsyncManagerIntegrationFilter@1df06ecd, org.springframework.security.web.context.SecurityContextPersistenceFilter@43778371, org.springframework.security.web.header.HeaderWriterFilter@9cc0505, waveaccess.daniyar.idrisov.conferencerestapi.security.token.TokenLogoutFilter@36417a54, org.springframework.security.web.authentication.logout.LogoutFilter@1c788d08, waveaccess.daniyar.idrisov.conferencerestapi.security.token.TokenAuthenticationFilter@7efd28bd, org.springframework.security.web.savedrequest.RequestCacheAwareFilter@17f41739, org.springframework.security.web.servletapi.SecurityContextHolderAwareRequestFilter@3e2c8ef, org.springframework.security.web.authentication.AnonymousAuthenticationFilter@57927bc9, org.springframework.security.web.access.ExceptionTranslationFilter@19e801b5]
2021-07-29 00:19:24.141  INFO 1100 --- [main] pertySourcedRequestMappingHandlerMapping : Mapped URL path [/v2/api-docs] onto method [springfox.documentation.swagger2.web.Swagger2Controller#getDocumentation(String, HttpServletRequest)]
2021-07-29 00:19:24.695  INFO 1100 --- [main] o.s.b.w.embedded.tomcat.TomcatWebServer  : Tomcat started on port(s): 80 (http) with context path ''
2021-07-29 00:19:24.696  INFO 1100 --- [main] d.s.w.p.DocumentationPluginsBootstrapper : Context refreshed
2021-07-29 00:19:24.716  INFO 1100 --- [main] d.s.w.p.DocumentationPluginsBootstrapper : Found 1 custom documentation plugin(s)
2021-07-29 00:19:24.762  INFO 1100 --- [main] s.d.s.w.s.ApiListingReferenceScanner     : Scanning for api listing references
2021-07-29 00:19:25.021  INFO 1100 --- [main] w.d.i.c.ConferenceRestApiApplication     : Started ConferenceRestApiApplication in 8.203 seconds (JVM running for 9.392)
2021-07-29 00:20:18.403  INFO 1100 --- [http-nio-80-exec-1] o.a.c.c.C.[Tomcat].[localhost].[/]       : Initializing Spring DispatcherServlet 'dispatcherServlet'
2021-07-29 00:20:18.403  INFO 1100 --- [http-nio-80-exec-1] o.s.web.servlet.DispatcherServlet        : Initializing Servlet 'dispatcherServlet'
2021-07-29 00:20:18.405  INFO 1100 --- [http-nio-80-exec-1] o.s.web.servlet.DispatcherServlet        : Completed initialization in 2 ms
2021-07-29 00:21:29.687  INFO 13308 --- [main] w.d.i.c.ConferenceRestApiApplication     : Starting ConferenceRestApiApplication using Java 1.8.0_291 on DESKTOP-5JEF6DV with PID 13308 (Z:\_PROGRAMMING_\WaveAccess\ConferenceRestApi\target\classes started by danch in Z:\_PROGRAMMING_\WaveAccess\ConferenceRestApi)
2021-07-29 00:21:29.692  INFO 13308 --- [main] w.d.i.c.ConferenceRestApiApplication     : The following profiles are active: master
2021-07-29 00:21:31.146  INFO 13308 --- [main] .s.d.r.c.RepositoryConfigurationDelegate : Bootstrapping Spring Data JPA repositories in DEFAULT mode.
2021-07-29 00:21:31.246  INFO 13308 --- [main] .s.d.r.c.RepositoryConfigurationDelegate : Finished Spring Data repository scanning in 90 ms. Found 5 JPA repository interfaces.
2021-07-29 00:21:31.605  INFO 13308 --- [main] trationDelegate$BeanPostProcessorChecker : Bean 'org.springframework.security.access.expression.method.DefaultMethodSecurityExpressionHandler@5c20aab9' of type [org.springframework.security.access.expression.method.DefaultMethodSecurityExpressionHandler] is not eligible for getting processed by all BeanPostProcessors (for example: not eligible for auto-proxying)
2021-07-29 00:21:31.610  INFO 13308 --- [main] trationDelegate$BeanPostProcessorChecker : Bean 'methodSecurityMetadataSource' of type [org.springframework.security.access.method.DelegatingMethodSecurityMetadataSource] is not eligible for getting processed by all BeanPostProcessors (for example: not eligible for auto-proxying)
2021-07-29 00:21:31.871  INFO 13308 --- [main] o.s.b.w.embedded.tomcat.TomcatWebServer  : Tomcat initialized with port(s): 80 (http)
2021-07-29 00:21:31.882  INFO 13308 --- [main] o.apache.catalina.core.StandardService   : Starting service [Tomcat]
2021-07-29 00:21:31.883  INFO 13308 --- [main] org.apache.catalina.core.StandardEngine  : Starting Servlet engine: [Apache Tomcat/9.0.50]
2021-07-29 00:21:32.017  INFO 13308 --- [main] o.a.c.c.C.[Tomcat].[localhost].[/]       : Initializing Spring embedded WebApplicationContext
2021-07-29 00:21:32.017  INFO 13308 --- [main] w.s.c.ServletWebServerApplicationContext : Root WebApplicationContext: initialization completed in 2248 ms
2021-07-29 00:21:32.151  INFO 13308 --- [main] com.zaxxer.hikari.HikariDataSource       : HikariPool-1 - Starting...
2021-07-29 00:21:32.744  INFO 13308 --- [main] com.zaxxer.hikari.HikariDataSource       : HikariPool-1 - Start completed.
2021-07-29 00:21:32.894  INFO 13308 --- [main] o.hibernate.jpa.internal.util.LogHelper  : HHH000204: Processing PersistenceUnitInfo [name: default]
2021-07-29 00:21:32.945  INFO 13308 --- [main] org.hibernate.Version                    : HHH000412: Hibernate ORM core version 5.4.32.Final
2021-07-29 00:21:33.072  INFO 13308 --- [main] o.hibernate.annotations.common.Version   : HCANN000001: Hibernate Commons Annotations {5.1.2.Final}
2021-07-29 00:21:33.217  INFO 13308 --- [main] org.hibernate.dialect.Dialect            : HHH000400: Using dialect: org.hibernate.dialect.PostgreSQL10Dialect
2021-07-29 00:21:34.691  INFO 13308 --- [main] o.h.e.t.j.p.i.JtaPlatformInitiator       : HHH000490: Using JtaPlatform implementation: [org.hibernate.engine.transaction.jta.platform.internal.NoJtaPlatform]
2021-07-29 00:21:34.705  INFO 13308 --- [main] j.LocalContainerEntityManagerFactoryBean : Initialized JPA EntityManagerFactory for persistence unit 'default'
2021-07-29 00:21:35.470  WARN 13308 --- [main] JpaBaseConfiguration$JpaWebConfiguration : spring.jpa.open-in-view is enabled by default. Therefore, database queries may be performed during view rendering. Explicitly configure spring.jpa.open-in-view to disable this warning
2021-07-29 00:21:35.899  INFO 13308 --- [main] o.s.s.web.DefaultSecurityFilterChain     : Will secure any request with [org.springframework.security.web.context.request.async.WebAsyncManagerIntegrationFilter@1df06ecd, org.springframework.security.web.context.SecurityContextPersistenceFilter@43778371, org.springframework.security.web.header.HeaderWriterFilter@9cc0505, waveaccess.daniyar.idrisov.conferencerestapi.security.token.TokenLogoutFilter@36417a54, org.springframework.security.web.authentication.logout.LogoutFilter@1c788d08, waveaccess.daniyar.idrisov.conferencerestapi.security.token.TokenAuthenticationFilter@7efd28bd, org.springframework.security.web.savedrequest.RequestCacheAwareFilter@17f41739, org.springframework.security.web.servletapi.SecurityContextHolderAwareRequestFilter@3e2c8ef, org.springframework.security.web.authentication.AnonymousAuthenticationFilter@57927bc9, org.springframework.security.web.access.ExceptionTranslationFilter@19e801b5]
2021-07-29 00:21:35.927  INFO 13308 --- [main] pertySourcedRequestMappingHandlerMapping : Mapped URL path [/v2/api-docs] onto method [springfox.documentation.swagger2.web.Swagger2Controller#getDocumentation(String, HttpServletRequest)]
2021-07-29 00:21:36.536  INFO 13308 --- [main] o.s.b.w.embedded.tomcat.TomcatWebServer  : Tomcat started on port(s): 80 (http) with context path ''
2021-07-29 00:21:36.537  INFO 13308 --- [main] d.s.w.p.DocumentationPluginsBootstrapper : Context refreshed
2021-07-29 00:21:36.558  INFO 13308 --- [main] d.s.w.p.DocumentationPluginsBootstrapper : Found 1 custom documentation plugin(s)
2021-07-29 00:21:36.610  INFO 13308 --- [main] s.d.s.w.s.ApiListingReferenceScanner     : Scanning for api listing references
2021-07-29 00:21:36.862  INFO 13308 --- [main] w.d.i.c.ConferenceRestApiApplication     : Started ConferenceRestApiApplication in 7.833 seconds (JVM running for 9.227)
2021-07-29 00:21:57.914  INFO 13308 --- [http-nio-80-exec-2] o.a.c.c.C.[Tomcat].[localhost].[/]       : Initializing Spring DispatcherServlet 'dispatcherServlet'
2021-07-29 00:21:57.915  INFO 13308 --- [http-nio-80-exec-2] o.s.web.servlet.DispatcherServlet        : Initializing Servlet 'dispatcherServlet'
2021-07-29 00:21:57.917  INFO 13308 --- [http-nio-80-exec-2] o.s.web.servlet.DispatcherServlet        : Completed initialization in 2 ms
2021-07-29 00:23:35.404  INFO 1824 --- [main] w.d.i.c.ConferenceRestApiApplication     : Starting ConferenceRestApiApplication using Java 1.8.0_291 on DESKTOP-5JEF6DV with PID 1824 (Z:\_PROGRAMMING_\WaveAccess\ConferenceRestApi\target\classes started by danch in Z:\_PROGRAMMING_\WaveAccess\ConferenceRestApi)
2021-07-29 00:23:35.407  INFO 1824 --- [main] w.d.i.c.ConferenceRestApiApplication     : The following profiles are active: master
2021-07-29 00:23:36.763  INFO 1824 --- [main] .s.d.r.c.RepositoryConfigurationDelegate : Bootstrapping Spring Data JPA repositories in DEFAULT mode.
2021-07-29 00:23:36.862  INFO 1824 --- [main] .s.d.r.c.RepositoryConfigurationDelegate : Finished Spring Data repository scanning in 88 ms. Found 5 JPA repository interfaces.
2021-07-29 00:23:37.543  INFO 1824 --- [main] trationDelegate$BeanPostProcessorChecker : Bean 'org.springframework.security.access.expression.method.DefaultMethodSecurityExpressionHandler@5ff90645' of type [org.springframework.security.access.expression.method.DefaultMethodSecurityExpressionHandler] is not eligible for getting processed by all BeanPostProcessors (for example: not eligible for auto-proxying)
2021-07-29 00:23:37.549  INFO 1824 --- [main] trationDelegate$BeanPostProcessorChecker : Bean 'methodSecurityMetadataSource' of type [org.springframework.security.access.method.DelegatingMethodSecurityMetadataSource] is not eligible for getting processed by all BeanPostProcessors (for example: not eligible for auto-proxying)
2021-07-29 00:23:37.862  INFO 1824 --- [main] o.s.b.w.embedded.tomcat.TomcatWebServer  : Tomcat initialized with port(s): 80 (http)
2021-07-29 00:23:37.872  INFO 1824 --- [main] o.apache.catalina.core.StandardService   : Starting service [Tomcat]
2021-07-29 00:23:37.872  INFO 1824 --- [main] org.apache.catalina.core.StandardEngine  : Starting Servlet engine: [Apache Tomcat/9.0.50]
2021-07-29 00:23:38.014  INFO 1824 --- [main] o.a.c.c.C.[Tomcat].[localhost].[/]       : Initializing Spring embedded WebApplicationContext
2021-07-29 00:23:38.015  INFO 1824 --- [main] w.s.c.ServletWebServerApplicationContext : Root WebApplicationContext: initialization completed in 2544 ms
2021-07-29 00:23:38.238  INFO 1824 --- [main] com.zaxxer.hikari.HikariDataSource       : HikariPool-1 - Starting...
2021-07-29 00:23:38.929  INFO 1824 --- [main] com.zaxxer.hikari.HikariDataSource       : HikariPool-1 - Start completed.
2021-07-29 00:23:39.334  INFO 1824 --- [main] o.hibernate.jpa.internal.util.LogHelper  : HHH000204: Processing PersistenceUnitInfo [name: default]
2021-07-29 00:23:39.424  INFO 1824 --- [main] org.hibernate.Version                    : HHH000412: Hibernate ORM core version 5.4.32.Final
2021-07-29 00:23:39.734  INFO 1824 --- [main] o.hibernate.annotations.common.Version   : HCANN000001: Hibernate Commons Annotations {5.1.2.Final}
2021-07-29 00:23:40.074  INFO 1824 --- [main] org.hibernate.dialect.Dialect            : HHH000400: Using dialect: org.hibernate.dialect.PostgreSQL10Dialect
2021-07-29 00:23:42.288  INFO 1824 --- [main] o.h.e.t.j.p.i.JtaPlatformInitiator       : HHH000490: Using JtaPlatform implementation: [org.hibernate.engine.transaction.jta.platform.internal.NoJtaPlatform]
2021-07-29 00:23:42.305  INFO 1824 --- [main] j.LocalContainerEntityManagerFactoryBean : Initialized JPA EntityManagerFactory for persistence unit 'default'
2021-07-29 00:23:43.385  WARN 1824 --- [main] JpaBaseConfiguration$JpaWebConfiguration : spring.jpa.open-in-view is enabled by default. Therefore, database queries may be performed during view rendering. Explicitly configure spring.jpa.open-in-view to disable this warning
2021-07-29 00:23:44.199  INFO 1824 --- [main] o.s.s.web.DefaultSecurityFilterChain     : Will secure any request with [org.springframework.security.web.context.request.async.WebAsyncManagerIntegrationFilter@3f4964f2, org.springframework.security.web.context.SecurityContextPersistenceFilter@31f1b268, org.springframework.security.web.header.HeaderWriterFilter@d6d683e, waveaccess.daniyar.idrisov.conferencerestapi.security.token.TokenLogoutFilter@21079a12, org.springframework.security.web.authentication.logout.LogoutFilter@10cb050, waveaccess.daniyar.idrisov.conferencerestapi.security.token.TokenAuthenticationFilter@711d1a52, org.springframework.security.web.savedrequest.RequestCacheAwareFilter@2833c093, org.springframework.security.web.servletapi.SecurityContextHolderAwareRequestFilter@340fc1aa, org.springframework.security.web.authentication.AnonymousAuthenticationFilter@3bf01a01, org.springframework.security.web.access.ExceptionTranslationFilter@4b8a0d03]
2021-07-29 00:23:44.261  INFO 1824 --- [main] pertySourcedRequestMappingHandlerMapping : Mapped URL path [/v2/api-docs] onto method [springfox.documentation.swagger2.web.Swagger2Controller#getDocumentation(String, HttpServletRequest)]
2021-07-29 00:23:45.064  INFO 1824 --- [main] o.s.b.w.embedded.tomcat.TomcatWebServer  : Tomcat started on port(s): 80 (http) with context path ''
2021-07-29 00:23:45.066  INFO 1824 --- [main] d.s.w.p.DocumentationPluginsBootstrapper : Context refreshed
2021-07-29 00:23:45.088  INFO 1824 --- [main] d.s.w.p.DocumentationPluginsBootstrapper : Found 1 custom documentation plugin(s)
2021-07-29 00:23:45.140  INFO 1824 --- [main] s.d.s.w.s.ApiListingReferenceScanner     : Scanning for api listing references
2021-07-29 00:23:45.423  INFO 1824 --- [main] w.d.i.c.ConferenceRestApiApplication     : Started ConferenceRestApiApplication in 10.705 seconds (JVM running for 12.146)
2021-07-29 00:23:47.880  INFO 1824 --- [http-nio-80-exec-2] o.a.c.c.C.[Tomcat].[localhost].[/]       : Initializing Spring DispatcherServlet 'dispatcherServlet'
2021-07-29 00:23:47.880  INFO 1824 --- [http-nio-80-exec-2] o.s.web.servlet.DispatcherServlet        : Initializing Servlet 'dispatcherServlet'
2021-07-29 00:23:47.882  INFO 1824 --- [http-nio-80-exec-2] o.s.web.servlet.DispatcherServlet        : Completed initialization in 2 ms
2021-07-29 00:44:30.672  INFO 3408 --- [main] w.d.i.c.ConferenceRestApiApplication     : Starting ConferenceRestApiApplication using Java 1.8.0_291 on DESKTOP-5JEF6DV with PID 3408 (Z:\_PROGRAMMING_\WaveAccess\ConferenceRestApi\target\classes started by danch in Z:\_PROGRAMMING_\WaveAccess\ConferenceRestApi)
2021-07-29 00:44:30.737  INFO 3408 --- [main] w.d.i.c.ConferenceRestApiApplication     : The following profiles are active: master
2021-07-29 00:44:32.484  INFO 3408 --- [main] .s.d.r.c.RepositoryConfigurationDelegate : Bootstrapping Spring Data JPA repositories in DEFAULT mode.
2021-07-29 00:44:32.624  INFO 3408 --- [main] .s.d.r.c.RepositoryConfigurationDelegate : Finished Spring Data repository scanning in 130 ms. Found 5 JPA repository interfaces.
2021-07-29 00:44:32.968  INFO 3408 --- [main] trationDelegate$BeanPostProcessorChecker : Bean 'org.springframework.security.access.expression.method.DefaultMethodSecurityExpressionHandler@c1fca2a' of type [org.springframework.security.access.expression.method.DefaultMethodSecurityExpressionHandler] is not eligible for getting processed by all BeanPostProcessors (for example: not eligible for auto-proxying)
2021-07-29 00:44:32.973  INFO 3408 --- [main] trationDelegate$BeanPostProcessorChecker : Bean 'methodSecurityMetadataSource' of type [org.springframework.security.access.method.DelegatingMethodSecurityMetadataSource] is not eligible for getting processed by all BeanPostProcessors (for example: not eligible for auto-proxying)
2021-07-29 00:44:33.232  INFO 3408 --- [main] o.s.b.w.embedded.tomcat.TomcatWebServer  : Tomcat initialized with port(s): 80 (http)
2021-07-29 00:44:33.242  INFO 3408 --- [main] o.apache.catalina.core.StandardService   : Starting service [Tomcat]
2021-07-29 00:44:33.243  INFO 3408 --- [main] org.apache.catalina.core.StandardEngine  : Starting Servlet engine: [Apache Tomcat/9.0.50]
2021-07-29 00:44:33.374  INFO 3408 --- [main] o.a.c.c.C.[Tomcat].[localhost].[/]       : Initializing Spring embedded WebApplicationContext
2021-07-29 00:44:33.375  INFO 3408 --- [main] w.s.c.ServletWebServerApplicationContext : Root WebApplicationContext: initialization completed in 2405 ms
2021-07-29 00:44:33.501  INFO 3408 --- [main] com.zaxxer.hikari.HikariDataSource       : HikariPool-1 - Starting...
2021-07-29 00:44:34.164  INFO 3408 --- [main] com.zaxxer.hikari.HikariDataSource       : HikariPool-1 - Start completed.
2021-07-29 00:44:34.579  INFO 3408 --- [main] o.hibernate.jpa.internal.util.LogHelper  : HHH000204: Processing PersistenceUnitInfo [name: default]
2021-07-29 00:44:34.663  INFO 3408 --- [main] org.hibernate.Version                    : HHH000412: Hibernate ORM core version 5.4.32.Final
2021-07-29 00:44:34.849  INFO 3408 --- [main] o.hibernate.annotations.common.Version   : HCANN000001: Hibernate Commons Annotations {5.1.2.Final}
2021-07-29 00:44:35.026  INFO 3408 --- [main] org.hibernate.dialect.Dialect            : HHH000400: Using dialect: org.hibernate.dialect.PostgreSQL10Dialect
2021-07-29 00:44:36.570  INFO 3408 --- [main] o.h.e.t.j.p.i.JtaPlatformInitiator       : HHH000490: Using JtaPlatform implementation: [org.hibernate.engine.transaction.jta.platform.internal.NoJtaPlatform]
2021-07-29 00:44:36.581  INFO 3408 --- [main] j.LocalContainerEntityManagerFactoryBean : Initialized JPA EntityManagerFactory for persistence unit 'default'
2021-07-29 00:44:37.206  WARN 3408 --- [main] JpaBaseConfiguration$JpaWebConfiguration : spring.jpa.open-in-view is enabled by default. Therefore, database queries may be performed during view rendering. Explicitly configure spring.jpa.open-in-view to disable this warning
2021-07-29 00:44:37.621  INFO 3408 --- [main] o.s.s.web.DefaultSecurityFilterChain     : Will secure any request with [org.springframework.security.web.context.request.async.WebAsyncManagerIntegrationFilter@275902e1, org.springframework.security.web.context.SecurityContextPersistenceFilter@54f373d4, org.springframework.security.web.header.HeaderWriterFilter@1b69fc07, waveaccess.daniyar.idrisov.conferencerestapi.security.token.TokenLogoutFilter@dc79225, org.springframework.security.web.authentication.logout.LogoutFilter@459e120b, waveaccess.daniyar.idrisov.conferencerestapi.security.token.TokenAuthenticationFilter@312b34e3, org.springframework.security.web.savedrequest.RequestCacheAwareFilter@16949dfa, org.springframework.security.web.servletapi.SecurityContextHolderAwareRequestFilter@2b3b1124, org.springframework.security.web.authentication.AnonymousAuthenticationFilter@1c788d08, org.springframework.security.web.access.ExceptionTranslationFilter@2f75a9b1]
2021-07-29 00:44:37.649  INFO 3408 --- [main] pertySourcedRequestMappingHandlerMapping : Mapped URL path [/v2/api-docs] onto method [springfox.documentation.swagger2.web.Swagger2Controller#getDocumentation(String, HttpServletRequest)]
2021-07-29 00:44:38.287  INFO 3408 --- [main] o.s.b.w.embedded.tomcat.TomcatWebServer  : Tomcat started on port(s): 80 (http) with context path ''
2021-07-29 00:44:38.287  INFO 3408 --- [main] d.s.w.p.DocumentationPluginsBootstrapper : Context refreshed
2021-07-29 00:44:38.308  INFO 3408 --- [main] d.s.w.p.DocumentationPluginsBootstrapper : Found 1 custom documentation plugin(s)
2021-07-29 00:44:38.355  INFO 3408 --- [main] s.d.s.w.s.ApiListingReferenceScanner     : Scanning for api listing references
2021-07-29 00:44:38.656  INFO 3408 --- [main] w.d.i.c.ConferenceRestApiApplication     : Started ConferenceRestApiApplication in 8.826 seconds (JVM running for 9.996)
